[2026-03-02 03:35:57] Запуск Aura AI сайта в автономном режиме...
[2026-03-02 03:36:01] Публичный URL: https://unwanton-nonexpectantly-jenna.ngrok-free.dev/index.html
[2026-03-02 16:48:44] Запуск Aura AI сайта в автономном режиме...
[2026-03-02 16:48:47] Публичный URL: https://unwanton-nonexpectantly-jenna.ngrok-free.dev/aura-ai.html
[2026-03-02 16:55:56] Запуск Aura AI сайта в автономном режиме...
[2026-03-02 16:55:59] Публичный URL: https://unwanton-nonexpectantly-jenna.ngrok-free.dev/aura-ai.html
[2026-03-02 16:56:42] http: ::1 - - [02/Mar/2026 16:56:42] code 501, message Unsupported method ('POST')
[2026-03-02 16:56:42] http: ::1 - - [02/Mar/2026 16:56:42] "POST /webhook HTTP/1.1" 501 -
[2026-03-02 16:57:42] http: ::1 - - [02/Mar/2026 16:57:42] code 501, message Unsupported method ('POST')
[2026-03-02 16:57:42] http: ::1 - - [02/Mar/2026 16:57:42] "POST /webhook HTTP/1.1" 501 -
[2026-03-02 16:58:42] http: ::1 - - [02/Mar/2026 16:58:42] code 501, message Unsupported method ('POST')
[2026-03-02 17:10:34] Запуск Aura AI сайта в автономном режиме...
[2026-03-02 17:10:37] Публичный URL: https://unwanton-nonexpectantly-jenna.ngrok-free.dev/index.html
[2026-03-02 17:10:44] http: ::1 - - [02/Mar/2026 17:10:44] code 501, message Unsupported method ('POST')
[2026-03-02 17:10:44] http: ::1 - - [02/Mar/2026 17:10:44] "POST /webhook HTTP/1.1" 501 -
[2026-03-02 17:11:44] http: ::1 - - [02/Mar/2026 17:11:44] code 501, message Unsupported method ('POST')
[2026-03-02 17:11:44] http: ::1 - - [02/Mar/2026 17:11:44] "POST /webhook HTTP/1.1" 501 -
[2026-03-02 17:11:54] http: ::1 - - [02/Mar/2026 17:11:54] "GET /index.html HTTP/1.1" 200 -
[2026-03-02 20:36:38] Запуск LidCraft Studio сайта в автономном режиме...
[2026-03-02 20:36:41] Публичный URL: https://unwanton-nonexpectantly-jenna.ngrok-free.dev/lidcraft-studio.html
[2026-03-02 20:43:15] ngrok не запущен, перезапуск...
[2026-03-02 20:43:24] http: ::1 - - [02/Mar/2026 17:11:55] "GET /styles.css HTTP/1.1" 200 -
[2026-03-02 20:43:24] http: ::1 - - [02/Mar/2026 17:11:55] "GET /script.js HTTP/1.1" 200 -
[2026-03-02 20:43:24] http: ::1 - - [02/Mar/2026 17:11:55] "GET /site-features.js HTTP/1.1" 200 -
[2026-03-02 20:43:24] http: ::1 - - [02/Mar/2026 17:12:44] code 501, message Unsupported method ('POST')
[2026-03-02 20:43:24] http: ::1 - - [02/Mar/2026 17:12:44] "POST /webhook HTTP/1.1" 501 -
[2026-03-05 02:16:12] ngrok не запущен, перезапуск...
[2026-03-05 02:26:36] Запуск LidCraft Studio сайта в автономном режиме...
[2026-03-05 02:26:40] Публичный URL: https://unwanton-nonexpectantly-jenna.ngrok-free.dev/lidcraft-studio.html
[2026-03-05 02:27:11] http: ::1 - - [05/Mar/2026 02:27:11] code 501, message Unsupported method ('POST')
[2026-03-05 02:27:11] http: ::1 - - [05/Mar/2026 02:27:11] "POST /webhook HTTP/1.1" 501 -
[2026-03-05 02:28:12] http: ::1 - - [05/Mar/2026 02:28:12] code 501, message Unsupported method ('POST')
[2026-03-05 02:28:12] http: ::1 - - [05/Mar/2026 02:28:12] "POST /webhook HTTP/1.1" 501 -
[2026-03-05 02:28:16] http: ::ffff:127.0.0.1 - - [05/Mar/2026 02:28:16] "GET /index.html HTTP/1.1" 200 -
[2026-03-05 02:36:12] Запуск LidCraft Studio сайта в автономном режиме...
[2026-03-05 02:36:15] Публичный URL: https://unwanton-nonexpectantly-jenna.ngrok-free.dev/lidcraft-studio.html
[2026-03-05 02:56:11] ngrok не запущен, перезапуск...
[2026-03-05 02:56:19] http: ::ffff:127.0.0.1 - - [05/Mar/2026 02:28:17] "GET /assets/tg-demo-2.svg HTTP/1.1" 200 -
[2026-03-05 02:56:19] http: ::ffff:127.0.0.1 - - [05/Mar/2026 02:28:17] "GET /assets/tg-demo-1.svg HTTP/1.1" 200 -
[2026-03-05 02:56:19] http: ::ffff:127.0.0.1 - - [05/Mar/2026 02:28:17] "GET /script.js HTTP/1.1" 200 -
[2026-03-05 02:56:19] http: ::ffff:127.0.0.1 - - [05/Mar/2026 02:28:18] "GET /styles.css HTTP/1.1" 200 -
[2026-03-05 02:56:19] http: ::ffff:127.0.0.1 - - [05/Mar/2026 02:28:18] "GET /assets/tg-demo-3.svg HTTP/1.1" 200 -
[2026-03-05 02:58:33] Запуск LidCraft Studio сайта в автономном режиме...
[2026-03-05 02:58:36] Публичный URL: https://unwanton-nonexpectantly-jenna.ngrok-free.dev/lidcraft-studio.html
[2026-03-06 02:14:33] ngrok не запущен, перезапуск...
[2026-03-06 02:14:41] http: ::1 - - [05/Mar/2026 02:28:19] "GET / HTTP/1.1" 200 -
[2026-03-06 02:14:41] http: ::ffff:127.0.0.1 - - [05/Mar/2026 02:28:20] "GET /site-features.js HTTP/1.1" 200 -
[2026-03-06 02:14:41] http: ::1 - - [05/Mar/2026 02:28:20] "GET /assets/tg-demo-2.svg HTTP/1.1" 304 -
[2026-03-06 02:14:41] http: ::1 - - [05/Mar/2026 02:28:20] "GET /assets/tg-demo-1.svg HTTP/1.1" 304 -
[2026-03-06 02:14:41] http: ::1 - - [05/Mar/2026 02:28:20] "GET /styles.css HTTP/1.1" 200 -
[2026-03-06 02:14:45] Запуск LidCraft Studio сайта в автономном режиме...
[2026-03-06 02:14:48] Публичный URL: https://unwanton-nonexpectantly-jenna.ngrok-free.dev/lidcraft-studio.html
